


ARM Macro Assembler    Page 1 


    1 00000000         ;******************** (C) COPYRIGHT 2015 STMicroelectron
                       ics ********************
    2 00000000         ;* File Name          : startup_stm32f091xc.s
    3 00000000         ;* Author             : MCD Application Team
    4 00000000         ;* Version            : V2.2.2
    5 00000000         ;* Date               : 26-June-2015
    6 00000000         ;* Description        : STM32F091xc/STM32F098xc devices 
                       vector table for MDK-ARM toolchain.
    7 00000000         ;*                      This module performs:
    8 00000000         ;*                      - Set the initial SP
    9 00000000         ;*                      - Set the initial PC == Reset_Ha
                       ndler
   10 00000000         ;*                      - Set the vector table entries w
                       ith the exceptions ISR address
   11 00000000         ;*                      - Branches to __main in the C li
                       brary (which eventually
   12 00000000         ;*                        calls main()).
   13 00000000         ;*                      After Reset the CortexM0 process
                       or is in Thread mode,
   14 00000000         ;*                      priority is Privileged, and the 
                       Stack is set to Main.
   15 00000000         ;* <<< Use Configuration Wizard in Context Menu >>>
   16 00000000         ;*******************************************************
                       ************************
   17 00000000         ;
   18 00000000         ;* Redistribution and use in source and binary forms, wi
                       th or without modification,
   19 00000000         ;* are permitted provided that the following conditions 
                       are met:
   20 00000000         ;*   1. Redistributions of source code must retain the a
                       bove copyright notice,
   21 00000000         ;*      this list of conditions and the following discla
                       imer.
   22 00000000         ;*   2. Redistributions in binary form must reproduce th
                       e above copyright notice,
   23 00000000         ;*      this list of conditions and the following discla
                       imer in the documentation
   24 00000000         ;*      and/or other materials provided with the distrib
                       ution.
   25 00000000         ;*   3. Neither the name of STMicroelectronics nor the n
                       ames of its contributors
   26 00000000         ;*      may be used to endorse or promote products deriv
                       ed from this software
   27 00000000         ;*      without specific prior written permission.
   28 00000000         ;*
   29 00000000         ;* THIS SOFTWARE IS PROVIDED BY THE COPYRIGHT HOLDERS AN
                       D CONTRIBUTORS "AS IS"
   30 00000000         ;* AND ANY EXPRESS OR IMPLIED WARRANTIES, INCLUDING, BUT
                        NOT LIMITED TO, THE
   31 00000000         ;* IMPLIED WARRANTIES OF MERCHANTABILITY AND FITNESS FOR
                        A PARTICULAR PURPOSE ARE
   32 00000000         ;* DISCLAIMED. IN NO EVENT SHALL THE COPYRIGHT HOLDER OR
                        CONTRIBUTORS BE LIABLE
   33 00000000         ;* FOR ANY DIRECT, INDIRECT, INCIDENTAL, SPECIAL, EXEMPL
                       ARY, OR CONSEQUENTIAL
   34 00000000         ;* DAMAGES (INCLUDING, BUT NOT LIMITED TO, PROCUREMENT O
                       F SUBSTITUTE GOODS OR
   35 00000000         ;* SERVICES; LOSS OF USE, DATA, OR PROFITS; OR BUSINESS 
                       INTERRUPTION) HOWEVER



ARM Macro Assembler    Page 2 


   36 00000000         ;* CAUSED AND ON ANY THEORY OF LIABILITY, WHETHER IN CON
                       TRACT, STRICT LIABILITY,
   37 00000000         ;* OR TORT (INCLUDING NEGLIGENCE OR OTHERWISE) ARISING I
                       N ANY WAY OUT OF THE USE
   38 00000000         ;* OF THIS SOFTWARE, EVEN IF ADVISED OF THE POSSIBILITY 
                       OF SUCH DAMAGE.
   39 00000000         ;
   40 00000000         ;*******************************************************
                       ************************
   41 00000000         
   42 00000000         ; Amount of memory (in bytes) allocated for Stack
   43 00000000         ; Tailor this value to your application needs
   44 00000000         ; <h> Stack Configuration
   45 00000000         ;   <o> Stack Size (in Bytes) <0x0-0xFFFFFFFF:8>
   46 00000000         ; </h>
   47 00000000         
   48 00000000 00003000 
                       Stack_Size
                               EQU              0x00003000
   49 00000000         
   50 00000000                 AREA             STACK, NOINIT, READWRITE, ALIGN
=3
   51 00000000         Stack_Mem
                               SPACE            Stack_Size
   52 00003000         __initial_sp
   53 00003000         
   54 00003000         
   55 00003000         ; <h> Heap Configuration
   56 00003000         ;   <o>  Heap Size (in Bytes) <0x0-0xFFFFFFFF:8>
   57 00003000         ; </h>
   58 00003000         
   59 00003000 0000C000 
                       Heap_Size
                               EQU              0x0000C000
   60 00003000         
   61 00003000                 AREA             HEAP, NOINIT, READWRITE, ALIGN=
3
   62 00000000         __heap_base
   63 00000000         Heap_Mem
                               SPACE            Heap_Size
   64 0000C000         __heap_limit
   65 0000C000         
   66 0000C000                 PRESERVE8
   67 0000C000                 THUMB
   68 0000C000         
   69 0000C000         
   70 0000C000         ; Vector Table Mapped to Address 0 at Reset
   71 0000C000                 AREA             RESET, DATA, READONLY
   72 00000000                 EXPORT           __Vectors
   73 00000000                 EXPORT           __Vectors_End
   74 00000000                 EXPORT           __Vectors_Size
   75 00000000         
   76 00000000 00000000 
                       __Vectors
                               DCD              __initial_sp ; Top of Stack
   77 00000004 00000000        DCD              Reset_Handler ; Reset Handler
   78 00000008 00000000        DCD              NMI_Handler ; NMI Handler
   79 0000000C 00000000        DCD              HardFault_Handler ; Hard Fault 
                                                            Handler



ARM Macro Assembler    Page 3 


   80 00000010 00000000        DCD              0           ; Reserved
   81 00000014 00000000        DCD              0           ; Reserved
   82 00000018 00000000        DCD              0           ; Reserved
   83 0000001C 00000000        DCD              0           ; Reserved
   84 00000020 00000000        DCD              0           ; Reserved
   85 00000024 00000000        DCD              0           ; Reserved
   86 00000028 00000000        DCD              0           ; Reserved
   87 0000002C 00000000        DCD              SVC_Handler ; SVCall Handler
   88 00000030 00000000        DCD              0           ; Reserved
   89 00000034 00000000        DCD              0           ; Reserved
   90 00000038 00000000        DCD              PendSV_Handler ; PendSV Handler
                                                            
   91 0000003C 00000000        DCD              SysTick_Handler 
                                                            ; SysTick Handler
   92 00000040         
   93 00000040         ; External Interrupts
   94 00000040 00000000        DCD              WWDG_IRQHandler 
                                                            ; Window Watchdog
   95 00000044 00000000        DCD              PVD_VDDIO2_IRQHandler ; PVD thr
                                                            ough EXTI Line dete
                                                            ct
   96 00000048 00000000        DCD              RTC_IRQHandler ; RTC through EX
                                                            TI Line
   97 0000004C 00000000        DCD              FLASH_IRQHandler ; FLASH
   98 00000050 00000000        DCD              RCC_CRS_IRQHandler 
                                                            ; RCC and CRS
   99 00000054 00000000        DCD              EXTI0_1_IRQHandler 
                                                            ; EXTI Line 0 and 1
                                                            
  100 00000058 00000000        DCD              EXTI2_3_IRQHandler 
                                                            ; EXTI Line 2 and 3
                                                            
  101 0000005C 00000000        DCD              EXTI4_15_IRQHandler 
                                                            ; EXTI Line 4 to 15
                                                            
  102 00000060 00000000        DCD              TSC_IRQHandler ; TS
  103 00000064 00000000        DCD              DMA1_Ch1_IRQHandler 
                                                            ; DMA1 Channel 1
  104 00000068 00000000        DCD              DMA1_Ch2_3_DMA2_Ch1_2_IRQHandle
r 
                                                            ; DMA1 Channel 2 an
                                                            d 3 & DMA2 Channel 
                                                            1 and 2
  105 0000006C 00000000        DCD              DMA1_Ch4_7_DMA2_Ch3_5_IRQHandle
r 
                                                            ; DMA1 Channel 4 to
                                                             7 & DMA2 Channel 3
                                                             to 5 
  106 00000070 00000000        DCD              ADC1_COMP_IRQHandler ; ADC1, CO
                                                            MP1 and COMP2 
  107 00000074 00000000        DCD              TIM1_BRK_UP_TRG_COM_IRQHandler 
                                                            ; TIM1 Break, Updat
                                                            e, Trigger and Comm
                                                            utation
  108 00000078 00000000        DCD              TIM1_CC_IRQHandler ; TIM1 Captu
                                                            re Compare
  109 0000007C 00000000        DCD              TIM2_IRQHandler ; TIM2
  110 00000080 00000000        DCD              TIM3_IRQHandler ; TIM3
  111 00000084 00000000        DCD              TIM6_DAC_IRQHandler 



ARM Macro Assembler    Page 4 


                                                            ; TIM6 and DAC
  112 00000088 00000000        DCD              TIM7_IRQHandler ; TIM7
  113 0000008C 00000000        DCD              TIM14_IRQHandler ; TIM14
  114 00000090 00000000        DCD              TIM15_IRQHandler ; TIM15
  115 00000094 00000000        DCD              TIM16_IRQHandler ; TIM16
  116 00000098 00000000        DCD              TIM17_IRQHandler ; TIM17
  117 0000009C 00000000        DCD              I2C1_IRQHandler ; I2C1
  118 000000A0 00000000        DCD              I2C2_IRQHandler ; I2C2
  119 000000A4 00000000        DCD              SPI1_IRQHandler ; SPI1
  120 000000A8 00000000        DCD              SPI2_IRQHandler ; SPI2
  121 000000AC 00000000        DCD              USART1_IRQHandler ; USART1
  122 000000B0 00000000        DCD              USART2_IRQHandler ; USART2
  123 000000B4 00000000        DCD              USART3_8_IRQHandler ; USART3, U
                                                            SART4, USART5, USAR
                                                            T6, USART7, USART8
  124 000000B8 00000000        DCD              CEC_CAN_IRQHandler 
                                                            ; CEC and CAN
  125 000000BC         
  126 000000BC         __Vectors_End
  127 000000BC         
  128 000000BC 000000BC 
                       __Vectors_Size
                               EQU              __Vectors_End - __Vectors
  129 000000BC         
  130 000000BC                 AREA             |.text|, CODE, READONLY
  131 00000000         
  132 00000000         ;-------------------------------------------------------
                       -----------------------
  133 00000000         ; Modified Reset Handler for bootloader reboot (sourcer3
                       2@gmail.com)
  134 00000000         
  135 00000000         Reset_Handler
                               PROC
  136 00000000                 EXPORT           Reset_Handler             [WEAK
]
  137 00000000                 IMPORT           __main
  138 00000000         
  139 00000000 480D            LDR              R0, =0x20007FF0 ; Address for R
                                                            AM signature (STM32
                                                            F09x)
  140 00000002 490E            LDR              R1, =0xDEADBEEF
  141 00000004 6802            LDR              R2, [R0, #0] ; Read current
  142 00000006 6000            STR              R0, [R0, #0] ; Invalidate
  143 00000008 428A            CMP              R2, R1
  144 0000000A D0FE            BEQ              Reboot_Loader
  145 0000000C         
  146 0000000C         ; Normal startup path
  147 0000000C                 IMPORT           SystemInit
  148 0000000C 480C            LDR              R0, =SystemInit
  149 0000000E 4780            BLX              R0
  150 00000010 480C            LDR              R0, =__main
  151 00000012 4700            BX               R0
  152 00000014                 ENDP
  153 00000014         
  154 00000014         ; Vector into System Loader
  155 00000014         Reboot_Loader
                               PROC
  156 00000014                 EXPORT           Reboot_Loader
  157 00000014 480C            LDR              R0, =0x40021018 ; RCC_APB2ENR (



ARM Macro Assembler    Page 5 


                                                            +0x18)
  158 00000016 490D            LDR              R1, =0x00000001 ; ENABLE SYSCFG
                                                             CLOCK
  159 00000018 6001            STR              R1, [R0, #0]
  160 0000001A 480D            LDR              R0, =0x40010000 ; SYSCFG_CFGR1 
                                                            (+0x00)
  161 0000001C 490B            LDR              R1, =0x00000001 
                                                            ; MAP ROM AT ZERO
  162 0000001E 6001            STR              R1, [R0, #0]
  163 00000020         ;                LDR     R0, =0x1FFFEC00 ; ROM BASE (STM
                       32F03x)
  164 00000020         ;                LDR     R0, =0x1FFFC400 ; ROM BASE (STM
                       32F04x)
  165 00000020         ;                LDR     R0, =0x1FFFEC00 ; ROM BASE (STM
                       32F05x)
  166 00000020         ;                LDR     R0, =0x1FFFC800 ; ROM BASE (STM
                       32F07x)
  167 00000020 480C            LDR              R0, =0x1FFFD800 ; ROM BASE (STM
                                                            32F09x)
  168 00000022 6801            LDR              R1, [R0, #0] ; SP @ +0
  169 00000024 468D            MOV              SP, R1
  170 00000026 6840            LDR              R0, [R0, #4] ; PC @ +4
  171 00000028 4700            BX               R0
  172 0000002A                 ENDP
  173 0000002A         ;-------------------------------------------------------
                       -----------------------
  174 0000002A         
  175 0000002A         ; Dummy Exception Handlers (infinite loops which can be 
                       modified)
  176 0000002A         
  177 0000002A         NMI_Handler
                               PROC
  178 0000002A                 EXPORT           NMI_Handler                    
[WEAK]
  179 0000002A E7FE            B                .
  180 0000002C                 ENDP
  182 0000002C         HardFault_Handler
                               PROC
  183 0000002C                 EXPORT           HardFault_Handler              
[WEAK]
  184 0000002C E7FE            B                .
  185 0000002E                 ENDP
  186 0000002E         SVC_Handler
                               PROC
  187 0000002E                 EXPORT           SVC_Handler                    
[WEAK]
  188 0000002E E7FE            B                .
  189 00000030                 ENDP
  190 00000030         PendSV_Handler
                               PROC
  191 00000030                 EXPORT           PendSV_Handler                 
[WEAK]
  192 00000030 E7FE            B                .
  193 00000032                 ENDP
  194 00000032         SysTick_Handler
                               PROC
  195 00000032                 EXPORT           SysTick_Handler                
[WEAK]
  196 00000032 E7FE            B                .



ARM Macro Assembler    Page 6 


  197 00000034                 ENDP
  198 00000034         
  199 00000034         Default_Handler
                               PROC
  200 00000034         
  201 00000034                 EXPORT           WWDG_IRQHandler                
[WEAK]
  202 00000034                 EXPORT           PVD_VDDIO2_IRQHandler          
[WEAK]
  203 00000034                 EXPORT           RTC_IRQHandler                 
[WEAK]
  204 00000034                 EXPORT           FLASH_IRQHandler               
[WEAK]
  205 00000034                 EXPORT           RCC_CRS_IRQHandler             
[WEAK]
  206 00000034                 EXPORT           EXTI0_1_IRQHandler             
[WEAK]
  207 00000034                 EXPORT           EXTI2_3_IRQHandler             
[WEAK]
  208 00000034                 EXPORT           EXTI4_15_IRQHandler            
[WEAK]
  209 00000034                 EXPORT           TSC_IRQHandler                 
[WEAK]
  210 00000034                 EXPORT           DMA1_Ch1_IRQHandler            
[WEAK]
  211 00000034                 EXPORT           DMA1_Ch2_3_DMA2_Ch1_2_IRQHandle
r [WEAK]
  212 00000034                 EXPORT           DMA1_Ch4_7_DMA2_Ch3_5_IRQHandle
r [WEAK]
  213 00000034                 EXPORT           ADC1_COMP_IRQHandler           
[WEAK]
  214 00000034                 EXPORT           TIM1_BRK_UP_TRG_COM_IRQHandler 
[WEAK]
  215 00000034                 EXPORT           TIM1_CC_IRQHandler             
[WEAK]
  216 00000034                 EXPORT           TIM2_IRQHandler                
[WEAK]
  217 00000034                 EXPORT           TIM3_IRQHandler                
[WEAK]
  218 00000034                 EXPORT           TIM6_DAC_IRQHandler            
[WEAK]
  219 00000034                 EXPORT           TIM7_IRQHandler                
[WEAK]
  220 00000034                 EXPORT           TIM14_IRQHandler               
[WEAK]
  221 00000034                 EXPORT           TIM15_IRQHandler               
[WEAK]
  222 00000034                 EXPORT           TIM16_IRQHandler               
[WEAK]
  223 00000034                 EXPORT           TIM17_IRQHandler               
[WEAK]
  224 00000034                 EXPORT           I2C1_IRQHandler                
[WEAK]
  225 00000034                 EXPORT           I2C2_IRQHandler                
[WEAK]
  226 00000034                 EXPORT           SPI1_IRQHandler                
[WEAK]
  227 00000034                 EXPORT           SPI2_IRQHandler                
[WEAK]



ARM Macro Assembler    Page 7 


  228 00000034                 EXPORT           USART1_IRQHandler              
[WEAK]
  229 00000034                 EXPORT           USART2_IRQHandler              
[WEAK]
  230 00000034                 EXPORT           USART3_8_IRQHandler            
[WEAK]
  231 00000034                 EXPORT           CEC_CAN_IRQHandler             
[WEAK]
  232 00000034         
  233 00000034         
  234 00000034         WWDG_IRQHandler
  235 00000034         PVD_VDDIO2_IRQHandler
  236 00000034         RTC_IRQHandler
  237 00000034         FLASH_IRQHandler
  238 00000034         RCC_CRS_IRQHandler
  239 00000034         EXTI0_1_IRQHandler
  240 00000034         EXTI2_3_IRQHandler
  241 00000034         EXTI4_15_IRQHandler
  242 00000034         TSC_IRQHandler
  243 00000034         DMA1_Ch1_IRQHandler
  244 00000034         DMA1_Ch2_3_DMA2_Ch1_2_IRQHandler
  245 00000034         DMA1_Ch4_7_DMA2_Ch3_5_IRQHandler
  246 00000034         ADC1_COMP_IRQHandler
  247 00000034         TIM1_BRK_UP_TRG_COM_IRQHandler
  248 00000034         TIM1_CC_IRQHandler
  249 00000034         TIM2_IRQHandler
  250 00000034         TIM3_IRQHandler
  251 00000034         TIM6_DAC_IRQHandler
  252 00000034         TIM7_IRQHandler
  253 00000034         TIM14_IRQHandler
  254 00000034         TIM15_IRQHandler
  255 00000034         TIM16_IRQHandler
  256 00000034         TIM17_IRQHandler
  257 00000034         I2C1_IRQHandler
  258 00000034         I2C2_IRQHandler
  259 00000034         SPI1_IRQHandler
  260 00000034         SPI2_IRQHandler
  261 00000034         USART1_IRQHandler
  262 00000034         USART2_IRQHandler
  263 00000034         USART3_8_IRQHandler
  264 00000034         CEC_CAN_IRQHandler
  265 00000034         
  266 00000034 E7FE            B                .
  267 00000036         
  268 00000036                 ENDP
  269 00000036         
  270 00000036 00 00           ALIGN
  271 00000038         
  272 00000038         ;*******************************************************
                       ************************
  273 00000038         ; User Stack and Heap initialization
  274 00000038         ;*******************************************************
                       ************************
  275 00000038                 IF               :DEF:__MICROLIB
  276 00000038         
  277 00000038                 EXPORT           __initial_sp
  278 00000038                 EXPORT           __heap_base
  279 00000038                 EXPORT           __heap_limit
  280 00000038         



ARM Macro Assembler    Page 8 


  281 00000038                 ELSE
  296                          ENDIF
  297 00000038         
  298 00000038                 END
              20007FF0 
              DEADBEEF 
              00000000 
              00000000 
              40021018 
              00000001 
              40010000 
              1FFFD800 
Command Line: --debug --xref --diag_suppress=9931 --cpu=Cortex-M0 --apcs=interw
ork --depend=.\output\startup_stm32f091xc.d -o.\output\startup_stm32f091xc.o -I
..\Inc -I"C:\Users\Asaad\Dropbox\Optics\NASA\Demos\Gimbal TU\MDK-ARM\RTE" -IC:\
Keil_v5\ARM\PACK\ARM\CMSIS\4.3.0\CMSIS\Include -IC:\Keil_v5\ARM\PACK\Keil\STM32
F0xx_DFP\1.5.0-dev0\Device\Include --predefine="__MICROLIB SETA 1" --predefine=
"__UVISION_VERSION SETA 515" --predefine="_RTE_ SETA 1" --predefine="STM32F091 
SETA 1" --list=startup_stm32f091xc.lst ../Drivers/CMSIS/Device/ST/STM32F0xx/Sou
rce/Templates/arm/startup_stm32f091xc.s



ARM Macro Assembler    Page 1 Alphabetic symbol ordering
Relocatable symbols

STACK 00000000

Symbol: STACK
   Definitions
      At line 50 in file ../Drivers/CMSIS/Device/ST/STM32F0xx/Source/Templates/
arm/startup_stm32f091xc.s
   Uses
      None
Comment: STACK unused
Stack_Mem 00000000

Symbol: Stack_Mem
   Definitions
      At line 51 in file ../Drivers/CMSIS/Device/ST/STM32F0xx/Source/Templates/
arm/startup_stm32f091xc.s
   Uses
      None
Comment: Stack_Mem unused
__initial_sp 00003000

Symbol: __initial_sp
   Definitions
      At line 52 in file ../Drivers/CMSIS/Device/ST/STM32F0xx/Source/Templates/
arm/startup_stm32f091xc.s
   Uses
      At line 76 in file ../Drivers/CMSIS/Device/ST/STM32F0xx/Source/Templates/
arm/startup_stm32f091xc.s
      At line 277 in file ../Drivers/CMSIS/Device/ST/STM32F0xx/Source/Templates
/arm/startup_stm32f091xc.s

3 symbols



ARM Macro Assembler    Page 1 Alphabetic symbol ordering
Relocatable symbols

HEAP 00000000

Symbol: HEAP
   Definitions
      At line 61 in file ../Drivers/CMSIS/Device/ST/STM32F0xx/Source/Templates/
arm/startup_stm32f091xc.s
   Uses
      None
Comment: HEAP unused
Heap_Mem 00000000

Symbol: Heap_Mem
   Definitions
      At line 63 in file ../Drivers/CMSIS/Device/ST/STM32F0xx/Source/Templates/
arm/startup_stm32f091xc.s
   Uses
      None
Comment: Heap_Mem unused
__heap_base 00000000

Symbol: __heap_base
   Definitions
      At line 62 in file ../Drivers/CMSIS/Device/ST/STM32F0xx/Source/Templates/
arm/startup_stm32f091xc.s
   Uses
      At line 278 in file ../Drivers/CMSIS/Device/ST/STM32F0xx/Source/Templates
/arm/startup_stm32f091xc.s
Comment: __heap_base used once
__heap_limit 0000C000

Symbol: __heap_limit
   Definitions
      At line 64 in file ../Drivers/CMSIS/Device/ST/STM32F0xx/Source/Templates/
arm/startup_stm32f091xc.s
   Uses
      At line 279 in file ../Drivers/CMSIS/Device/ST/STM32F0xx/Source/Templates
/arm/startup_stm32f091xc.s
Comment: __heap_limit used once
4 symbols



ARM Macro Assembler    Page 1 Alphabetic symbol ordering
Relocatable symbols

RESET 00000000

Symbol: RESET
   Definitions
      At line 71 in file ../Drivers/CMSIS/Device/ST/STM32F0xx/Source/Templates/
arm/startup_stm32f091xc.s
   Uses
      None
Comment: RESET unused
__Vectors 00000000

Symbol: __Vectors
   Definitions
      At line 76 in file ../Drivers/CMSIS/Device/ST/STM32F0xx/Source/Templates/
arm/startup_stm32f091xc.s
   Uses
      At line 72 in file ../Drivers/CMSIS/Device/ST/STM32F0xx/Source/Templates/
arm/startup_stm32f091xc.s
      At line 128 in file ../Drivers/CMSIS/Device/ST/STM32F0xx/Source/Templates
/arm/startup_stm32f091xc.s

__Vectors_End 000000BC

Symbol: __Vectors_End
   Definitions
      At line 126 in file ../Drivers/CMSIS/Device/ST/STM32F0xx/Source/Templates
/arm/startup_stm32f091xc.s
   Uses
      At line 73 in file ../Drivers/CMSIS/Device/ST/STM32F0xx/Source/Templates/
arm/startup_stm32f091xc.s
      At line 128 in file ../Drivers/CMSIS/Device/ST/STM32F0xx/Source/Templates
/arm/startup_stm32f091xc.s

3 symbols



ARM Macro Assembler    Page 1 Alphabetic symbol ordering
Relocatable symbols

.text 00000000

Symbol: .text
   Definitions
      At line 130 in file ../Drivers/CMSIS/Device/ST/STM32F0xx/Source/Templates
/arm/startup_stm32f091xc.s
   Uses
      None
Comment: .text unused
ADC1_COMP_IRQHandler 00000034

Symbol: ADC1_COMP_IRQHandler
   Definitions
      At line 246 in file ../Drivers/CMSIS/Device/ST/STM32F0xx/Source/Templates
/arm/startup_stm32f091xc.s
   Uses
      At line 106 in file ../Drivers/CMSIS/Device/ST/STM32F0xx/Source/Templates
/arm/startup_stm32f091xc.s
      At line 213 in file ../Drivers/CMSIS/Device/ST/STM32F0xx/Source/Templates
/arm/startup_stm32f091xc.s

CEC_CAN_IRQHandler 00000034

Symbol: CEC_CAN_IRQHandler
   Definitions
      At line 264 in file ../Drivers/CMSIS/Device/ST/STM32F0xx/Source/Templates
/arm/startup_stm32f091xc.s
   Uses
      At line 124 in file ../Drivers/CMSIS/Device/ST/STM32F0xx/Source/Templates
/arm/startup_stm32f091xc.s
      At line 231 in file ../Drivers/CMSIS/Device/ST/STM32F0xx/Source/Templates
/arm/startup_stm32f091xc.s

DMA1_Ch1_IRQHandler 00000034

Symbol: DMA1_Ch1_IRQHandler
   Definitions
      At line 243 in file ../Drivers/CMSIS/Device/ST/STM32F0xx/Source/Templates
/arm/startup_stm32f091xc.s
   Uses
      At line 103 in file ../Drivers/CMSIS/Device/ST/STM32F0xx/Source/Templates
/arm/startup_stm32f091xc.s
      At line 210 in file ../Drivers/CMSIS/Device/ST/STM32F0xx/Source/Templates
/arm/startup_stm32f091xc.s

DMA1_Ch2_3_DMA2_Ch1_2_IRQHandler 00000034

Symbol: DMA1_Ch2_3_DMA2_Ch1_2_IRQHandler
   Definitions
      At line 244 in file ../Drivers/CMSIS/Device/ST/STM32F0xx/Source/Templates
/arm/startup_stm32f091xc.s
   Uses
      At line 104 in file ../Drivers/CMSIS/Device/ST/STM32F0xx/Source/Templates
/arm/startup_stm32f091xc.s
      At line 211 in file ../Drivers/CMSIS/Device/ST/STM32F0xx/Source/Templates
/arm/startup_stm32f091xc.s

DMA1_Ch4_7_DMA2_Ch3_5_IRQHandler 00000034




ARM Macro Assembler    Page 2 Alphabetic symbol ordering
Relocatable symbols

Symbol: DMA1_Ch4_7_DMA2_Ch3_5_IRQHandler
   Definitions
      At line 245 in file ../Drivers/CMSIS/Device/ST/STM32F0xx/Source/Templates
/arm/startup_stm32f091xc.s
   Uses
      At line 105 in file ../Drivers/CMSIS/Device/ST/STM32F0xx/Source/Templates
/arm/startup_stm32f091xc.s
      At line 212 in file ../Drivers/CMSIS/Device/ST/STM32F0xx/Source/Templates
/arm/startup_stm32f091xc.s

Default_Handler 00000034

Symbol: Default_Handler
   Definitions
      At line 199 in file ../Drivers/CMSIS/Device/ST/STM32F0xx/Source/Templates
/arm/startup_stm32f091xc.s
   Uses
      None
Comment: Default_Handler unused
EXTI0_1_IRQHandler 00000034

Symbol: EXTI0_1_IRQHandler
   Definitions
      At line 239 in file ../Drivers/CMSIS/Device/ST/STM32F0xx/Source/Templates
/arm/startup_stm32f091xc.s
   Uses
      At line 99 in file ../Drivers/CMSIS/Device/ST/STM32F0xx/Source/Templates/
arm/startup_stm32f091xc.s
      At line 206 in file ../Drivers/CMSIS/Device/ST/STM32F0xx/Source/Templates
/arm/startup_stm32f091xc.s

EXTI2_3_IRQHandler 00000034

Symbol: EXTI2_3_IRQHandler
   Definitions
      At line 240 in file ../Drivers/CMSIS/Device/ST/STM32F0xx/Source/Templates
/arm/startup_stm32f091xc.s
   Uses
      At line 100 in file ../Drivers/CMSIS/Device/ST/STM32F0xx/Source/Templates
/arm/startup_stm32f091xc.s
      At line 207 in file ../Drivers/CMSIS/Device/ST/STM32F0xx/Source/Templates
/arm/startup_stm32f091xc.s

EXTI4_15_IRQHandler 00000034

Symbol: EXTI4_15_IRQHandler
   Definitions
      At line 241 in file ../Drivers/CMSIS/Device/ST/STM32F0xx/Source/Templates
/arm/startup_stm32f091xc.s
   Uses
      At line 101 in file ../Drivers/CMSIS/Device/ST/STM32F0xx/Source/Templates
/arm/startup_stm32f091xc.s
      At line 208 in file ../Drivers/CMSIS/Device/ST/STM32F0xx/Source/Templates
/arm/startup_stm32f091xc.s

FLASH_IRQHandler 00000034

Symbol: FLASH_IRQHandler
   Definitions



ARM Macro Assembler    Page 3 Alphabetic symbol ordering
Relocatable symbols

      At line 237 in file ../Drivers/CMSIS/Device/ST/STM32F0xx/Source/Templates
/arm/startup_stm32f091xc.s
   Uses
      At line 97 in file ../Drivers/CMSIS/Device/ST/STM32F0xx/Source/Templates/
arm/startup_stm32f091xc.s
      At line 204 in file ../Drivers/CMSIS/Device/ST/STM32F0xx/Source/Templates
/arm/startup_stm32f091xc.s

HardFault_Handler 0000002C

Symbol: HardFault_Handler
   Definitions
      At line 182 in file ../Drivers/CMSIS/Device/ST/STM32F0xx/Source/Templates
/arm/startup_stm32f091xc.s
   Uses
      At line 79 in file ../Drivers/CMSIS/Device/ST/STM32F0xx/Source/Templates/
arm/startup_stm32f091xc.s
      At line 183 in file ../Drivers/CMSIS/Device/ST/STM32F0xx/Source/Templates
/arm/startup_stm32f091xc.s

I2C1_IRQHandler 00000034

Symbol: I2C1_IRQHandler
   Definitions
      At line 257 in file ../Drivers/CMSIS/Device/ST/STM32F0xx/Source/Templates
/arm/startup_stm32f091xc.s
   Uses
      At line 117 in file ../Drivers/CMSIS/Device/ST/STM32F0xx/Source/Templates
/arm/startup_stm32f091xc.s
      At line 224 in file ../Drivers/CMSIS/Device/ST/STM32F0xx/Source/Templates
/arm/startup_stm32f091xc.s

I2C2_IRQHandler 00000034

Symbol: I2C2_IRQHandler
   Definitions
      At line 258 in file ../Drivers/CMSIS/Device/ST/STM32F0xx/Source/Templates
/arm/startup_stm32f091xc.s
   Uses
      At line 118 in file ../Drivers/CMSIS/Device/ST/STM32F0xx/Source/Templates
/arm/startup_stm32f091xc.s
      At line 225 in file ../Drivers/CMSIS/Device/ST/STM32F0xx/Source/Templates
/arm/startup_stm32f091xc.s

NMI_Handler 0000002A

Symbol: NMI_Handler
   Definitions
      At line 177 in file ../Drivers/CMSIS/Device/ST/STM32F0xx/Source/Templates
/arm/startup_stm32f091xc.s
   Uses
      At line 78 in file ../Drivers/CMSIS/Device/ST/STM32F0xx/Source/Templates/
arm/startup_stm32f091xc.s
      At line 178 in file ../Drivers/CMSIS/Device/ST/STM32F0xx/Source/Templates
/arm/startup_stm32f091xc.s

PVD_VDDIO2_IRQHandler 00000034

Symbol: PVD_VDDIO2_IRQHandler



ARM Macro Assembler    Page 4 Alphabetic symbol ordering
Relocatable symbols

   Definitions
      At line 235 in file ../Drivers/CMSIS/Device/ST/STM32F0xx/Source/Templates
/arm/startup_stm32f091xc.s
   Uses
      At line 95 in file ../Drivers/CMSIS/Device/ST/STM32F0xx/Source/Templates/
arm/startup_stm32f091xc.s
      At line 202 in file ../Drivers/CMSIS/Device/ST/STM32F0xx/Source/Templates
/arm/startup_stm32f091xc.s

PendSV_Handler 00000030

Symbol: PendSV_Handler
   Definitions
      At line 190 in file ../Drivers/CMSIS/Device/ST/STM32F0xx/Source/Templates
/arm/startup_stm32f091xc.s
   Uses
      At line 90 in file ../Drivers/CMSIS/Device/ST/STM32F0xx/Source/Templates/
arm/startup_stm32f091xc.s
      At line 191 in file ../Drivers/CMSIS/Device/ST/STM32F0xx/Source/Templates
/arm/startup_stm32f091xc.s

RCC_CRS_IRQHandler 00000034

Symbol: RCC_CRS_IRQHandler
   Definitions
      At line 238 in file ../Drivers/CMSIS/Device/ST/STM32F0xx/Source/Templates
/arm/startup_stm32f091xc.s
   Uses
      At line 98 in file ../Drivers/CMSIS/Device/ST/STM32F0xx/Source/Templates/
arm/startup_stm32f091xc.s
      At line 205 in file ../Drivers/CMSIS/Device/ST/STM32F0xx/Source/Templates
/arm/startup_stm32f091xc.s

RTC_IRQHandler 00000034

Symbol: RTC_IRQHandler
   Definitions
      At line 236 in file ../Drivers/CMSIS/Device/ST/STM32F0xx/Source/Templates
/arm/startup_stm32f091xc.s
   Uses
      At line 96 in file ../Drivers/CMSIS/Device/ST/STM32F0xx/Source/Templates/
arm/startup_stm32f091xc.s
      At line 203 in file ../Drivers/CMSIS/Device/ST/STM32F0xx/Source/Templates
/arm/startup_stm32f091xc.s

Reboot_Loader 00000014

Symbol: Reboot_Loader
   Definitions
      At line 155 in file ../Drivers/CMSIS/Device/ST/STM32F0xx/Source/Templates
/arm/startup_stm32f091xc.s
   Uses
      At line 144 in file ../Drivers/CMSIS/Device/ST/STM32F0xx/Source/Templates
/arm/startup_stm32f091xc.s
      At line 156 in file ../Drivers/CMSIS/Device/ST/STM32F0xx/Source/Templates
/arm/startup_stm32f091xc.s

Reset_Handler 00000000




ARM Macro Assembler    Page 5 Alphabetic symbol ordering
Relocatable symbols

Symbol: Reset_Handler
   Definitions
      At line 135 in file ../Drivers/CMSIS/Device/ST/STM32F0xx/Source/Templates
/arm/startup_stm32f091xc.s
   Uses
      At line 77 in file ../Drivers/CMSIS/Device/ST/STM32F0xx/Source/Templates/
arm/startup_stm32f091xc.s
      At line 136 in file ../Drivers/CMSIS/Device/ST/STM32F0xx/Source/Templates
/arm/startup_stm32f091xc.s

SPI1_IRQHandler 00000034

Symbol: SPI1_IRQHandler
   Definitions
      At line 259 in file ../Drivers/CMSIS/Device/ST/STM32F0xx/Source/Templates
/arm/startup_stm32f091xc.s
   Uses
      At line 119 in file ../Drivers/CMSIS/Device/ST/STM32F0xx/Source/Templates
/arm/startup_stm32f091xc.s
      At line 226 in file ../Drivers/CMSIS/Device/ST/STM32F0xx/Source/Templates
/arm/startup_stm32f091xc.s

SPI2_IRQHandler 00000034

Symbol: SPI2_IRQHandler
   Definitions
      At line 260 in file ../Drivers/CMSIS/Device/ST/STM32F0xx/Source/Templates
/arm/startup_stm32f091xc.s
   Uses
      At line 120 in file ../Drivers/CMSIS/Device/ST/STM32F0xx/Source/Templates
/arm/startup_stm32f091xc.s
      At line 227 in file ../Drivers/CMSIS/Device/ST/STM32F0xx/Source/Templates
/arm/startup_stm32f091xc.s

SVC_Handler 0000002E

Symbol: SVC_Handler
   Definitions
      At line 186 in file ../Drivers/CMSIS/Device/ST/STM32F0xx/Source/Templates
/arm/startup_stm32f091xc.s
   Uses
      At line 87 in file ../Drivers/CMSIS/Device/ST/STM32F0xx/Source/Templates/
arm/startup_stm32f091xc.s
      At line 187 in file ../Drivers/CMSIS/Device/ST/STM32F0xx/Source/Templates
/arm/startup_stm32f091xc.s

SysTick_Handler 00000032

Symbol: SysTick_Handler
   Definitions
      At line 194 in file ../Drivers/CMSIS/Device/ST/STM32F0xx/Source/Templates
/arm/startup_stm32f091xc.s
   Uses
      At line 91 in file ../Drivers/CMSIS/Device/ST/STM32F0xx/Source/Templates/
arm/startup_stm32f091xc.s
      At line 195 in file ../Drivers/CMSIS/Device/ST/STM32F0xx/Source/Templates
/arm/startup_stm32f091xc.s

TIM14_IRQHandler 00000034



ARM Macro Assembler    Page 6 Alphabetic symbol ordering
Relocatable symbols


Symbol: TIM14_IRQHandler
   Definitions
      At line 253 in file ../Drivers/CMSIS/Device/ST/STM32F0xx/Source/Templates
/arm/startup_stm32f091xc.s
   Uses
      At line 113 in file ../Drivers/CMSIS/Device/ST/STM32F0xx/Source/Templates
/arm/startup_stm32f091xc.s
      At line 220 in file ../Drivers/CMSIS/Device/ST/STM32F0xx/Source/Templates
/arm/startup_stm32f091xc.s

TIM15_IRQHandler 00000034

Symbol: TIM15_IRQHandler
   Definitions
      At line 254 in file ../Drivers/CMSIS/Device/ST/STM32F0xx/Source/Templates
/arm/startup_stm32f091xc.s
   Uses
      At line 114 in file ../Drivers/CMSIS/Device/ST/STM32F0xx/Source/Templates
/arm/startup_stm32f091xc.s
      At line 221 in file ../Drivers/CMSIS/Device/ST/STM32F0xx/Source/Templates
/arm/startup_stm32f091xc.s

TIM16_IRQHandler 00000034

Symbol: TIM16_IRQHandler
   Definitions
      At line 255 in file ../Drivers/CMSIS/Device/ST/STM32F0xx/Source/Templates
/arm/startup_stm32f091xc.s
   Uses
      At line 115 in file ../Drivers/CMSIS/Device/ST/STM32F0xx/Source/Templates
/arm/startup_stm32f091xc.s
      At line 222 in file ../Drivers/CMSIS/Device/ST/STM32F0xx/Source/Templates
/arm/startup_stm32f091xc.s

TIM17_IRQHandler 00000034

Symbol: TIM17_IRQHandler
   Definitions
      At line 256 in file ../Drivers/CMSIS/Device/ST/STM32F0xx/Source/Templates
/arm/startup_stm32f091xc.s
   Uses
      At line 116 in file ../Drivers/CMSIS/Device/ST/STM32F0xx/Source/Templates
/arm/startup_stm32f091xc.s
      At line 223 in file ../Drivers/CMSIS/Device/ST/STM32F0xx/Source/Templates
/arm/startup_stm32f091xc.s

TIM1_BRK_UP_TRG_COM_IRQHandler 00000034

Symbol: TIM1_BRK_UP_TRG_COM_IRQHandler
   Definitions
      At line 247 in file ../Drivers/CMSIS/Device/ST/STM32F0xx/Source/Templates
/arm/startup_stm32f091xc.s
   Uses
      At line 107 in file ../Drivers/CMSIS/Device/ST/STM32F0xx/Source/Templates
/arm/startup_stm32f091xc.s
      At line 214 in file ../Drivers/CMSIS/Device/ST/STM32F0xx/Source/Templates
/arm/startup_stm32f091xc.s




ARM Macro Assembler    Page 7 Alphabetic symbol ordering
Relocatable symbols

TIM1_CC_IRQHandler 00000034

Symbol: TIM1_CC_IRQHandler
   Definitions
      At line 248 in file ../Drivers/CMSIS/Device/ST/STM32F0xx/Source/Templates
/arm/startup_stm32f091xc.s
   Uses
      At line 108 in file ../Drivers/CMSIS/Device/ST/STM32F0xx/Source/Templates
/arm/startup_stm32f091xc.s
      At line 215 in file ../Drivers/CMSIS/Device/ST/STM32F0xx/Source/Templates
/arm/startup_stm32f091xc.s

TIM2_IRQHandler 00000034

Symbol: TIM2_IRQHandler
   Definitions
      At line 249 in file ../Drivers/CMSIS/Device/ST/STM32F0xx/Source/Templates
/arm/startup_stm32f091xc.s
   Uses
      At line 109 in file ../Drivers/CMSIS/Device/ST/STM32F0xx/Source/Templates
/arm/startup_stm32f091xc.s
      At line 216 in file ../Drivers/CMSIS/Device/ST/STM32F0xx/Source/Templates
/arm/startup_stm32f091xc.s

TIM3_IRQHandler 00000034

Symbol: TIM3_IRQHandler
   Definitions
      At line 250 in file ../Drivers/CMSIS/Device/ST/STM32F0xx/Source/Templates
/arm/startup_stm32f091xc.s
   Uses
      At line 110 in file ../Drivers/CMSIS/Device/ST/STM32F0xx/Source/Templates
/arm/startup_stm32f091xc.s
      At line 217 in file ../Drivers/CMSIS/Device/ST/STM32F0xx/Source/Templates
/arm/startup_stm32f091xc.s

TIM6_DAC_IRQHandler 00000034

Symbol: TIM6_DAC_IRQHandler
   Definitions
      At line 251 in file ../Drivers/CMSIS/Device/ST/STM32F0xx/Source/Templates
/arm/startup_stm32f091xc.s
   Uses
      At line 111 in file ../Drivers/CMSIS/Device/ST/STM32F0xx/Source/Templates
/arm/startup_stm32f091xc.s
      At line 218 in file ../Drivers/CMSIS/Device/ST/STM32F0xx/Source/Templates
/arm/startup_stm32f091xc.s

TIM7_IRQHandler 00000034

Symbol: TIM7_IRQHandler
   Definitions
      At line 252 in file ../Drivers/CMSIS/Device/ST/STM32F0xx/Source/Templates
/arm/startup_stm32f091xc.s
   Uses
      At line 112 in file ../Drivers/CMSIS/Device/ST/STM32F0xx/Source/Templates
/arm/startup_stm32f091xc.s
      At line 219 in file ../Drivers/CMSIS/Device/ST/STM32F0xx/Source/Templates
/arm/startup_stm32f091xc.s



ARM Macro Assembler    Page 8 Alphabetic symbol ordering
Relocatable symbols


TSC_IRQHandler 00000034

Symbol: TSC_IRQHandler
   Definitions
      At line 242 in file ../Drivers/CMSIS/Device/ST/STM32F0xx/Source/Templates
/arm/startup_stm32f091xc.s
   Uses
      At line 102 in file ../Drivers/CMSIS/Device/ST/STM32F0xx/Source/Templates
/arm/startup_stm32f091xc.s
      At line 209 in file ../Drivers/CMSIS/Device/ST/STM32F0xx/Source/Templates
/arm/startup_stm32f091xc.s

USART1_IRQHandler 00000034

Symbol: USART1_IRQHandler
   Definitions
      At line 261 in file ../Drivers/CMSIS/Device/ST/STM32F0xx/Source/Templates
/arm/startup_stm32f091xc.s
   Uses
      At line 121 in file ../Drivers/CMSIS/Device/ST/STM32F0xx/Source/Templates
/arm/startup_stm32f091xc.s
      At line 228 in file ../Drivers/CMSIS/Device/ST/STM32F0xx/Source/Templates
/arm/startup_stm32f091xc.s

USART2_IRQHandler 00000034

Symbol: USART2_IRQHandler
   Definitions
      At line 262 in file ../Drivers/CMSIS/Device/ST/STM32F0xx/Source/Templates
/arm/startup_stm32f091xc.s
   Uses
      At line 122 in file ../Drivers/CMSIS/Device/ST/STM32F0xx/Source/Templates
/arm/startup_stm32f091xc.s
      At line 229 in file ../Drivers/CMSIS/Device/ST/STM32F0xx/Source/Templates
/arm/startup_stm32f091xc.s

USART3_8_IRQHandler 00000034

Symbol: USART3_8_IRQHandler
   Definitions
      At line 263 in file ../Drivers/CMSIS/Device/ST/STM32F0xx/Source/Templates
/arm/startup_stm32f091xc.s
   Uses
      At line 123 in file ../Drivers/CMSIS/Device/ST/STM32F0xx/Source/Templates
/arm/startup_stm32f091xc.s
      At line 230 in file ../Drivers/CMSIS/Device/ST/STM32F0xx/Source/Templates
/arm/startup_stm32f091xc.s

WWDG_IRQHandler 00000034

Symbol: WWDG_IRQHandler
   Definitions
      At line 234 in file ../Drivers/CMSIS/Device/ST/STM32F0xx/Source/Templates
/arm/startup_stm32f091xc.s
   Uses
      At line 94 in file ../Drivers/CMSIS/Device/ST/STM32F0xx/Source/Templates/
arm/startup_stm32f091xc.s
      At line 201 in file ../Drivers/CMSIS/Device/ST/STM32F0xx/Source/Templates



ARM Macro Assembler    Page 9 Alphabetic symbol ordering
Relocatable symbols

/arm/startup_stm32f091xc.s

40 symbols



ARM Macro Assembler    Page 1 Alphabetic symbol ordering
Absolute symbols

Heap_Size 0000C000

Symbol: Heap_Size
   Definitions
      At line 59 in file ../Drivers/CMSIS/Device/ST/STM32F0xx/Source/Templates/
arm/startup_stm32f091xc.s
   Uses
      At line 63 in file ../Drivers/CMSIS/Device/ST/STM32F0xx/Source/Templates/
arm/startup_stm32f091xc.s
Comment: Heap_Size used once
Stack_Size 00003000

Symbol: Stack_Size
   Definitions
      At line 48 in file ../Drivers/CMSIS/Device/ST/STM32F0xx/Source/Templates/
arm/startup_stm32f091xc.s
   Uses
      At line 51 in file ../Drivers/CMSIS/Device/ST/STM32F0xx/Source/Templates/
arm/startup_stm32f091xc.s
Comment: Stack_Size used once
__Vectors_Size 000000BC

Symbol: __Vectors_Size
   Definitions
      At line 128 in file ../Drivers/CMSIS/Device/ST/STM32F0xx/Source/Templates
/arm/startup_stm32f091xc.s
   Uses
      At line 74 in file ../Drivers/CMSIS/Device/ST/STM32F0xx/Source/Templates/
arm/startup_stm32f091xc.s
Comment: __Vectors_Size used once
3 symbols



ARM Macro Assembler    Page 1 Alphabetic symbol ordering
External symbols

SystemInit 00000000

Symbol: SystemInit
   Definitions
      At line 147 in file ../Drivers/CMSIS/Device/ST/STM32F0xx/Source/Templates
/arm/startup_stm32f091xc.s
   Uses
      At line 148 in file ../Drivers/CMSIS/Device/ST/STM32F0xx/Source/Templates
/arm/startup_stm32f091xc.s
Comment: SystemInit used once
__main 00000000

Symbol: __main
   Definitions
      At line 137 in file ../Drivers/CMSIS/Device/ST/STM32F0xx/Source/Templates
/arm/startup_stm32f091xc.s
   Uses
      At line 150 in file ../Drivers/CMSIS/Device/ST/STM32F0xx/Source/Templates
/arm/startup_stm32f091xc.s
Comment: __main used once
2 symbols
391 symbols in table
