


ARM Macro Assembler    Page 1 


    1 00000000         ;******************** (C) COPYRIGHT 2014 STMicroelectron
                       ics ********************
    2 00000000         ;* File Name          : startup_stm32f091.s
    3 00000000         ;* Author             : MCD Application Team
    4 00000000         ;* Version            : V1.5.0
    5 00000000         ;* Date               : 05-December-2014
    6 00000000         ;* Description        : STM32F091 Devices vector table f
                       or
    7 00000000         ;*                      for MDK-ARM toolchain.
    8 00000000         ;*                      This module performs:
    9 00000000         ;*                      - Set the initial SP
   10 00000000         ;*                      - Set the initial PC == Reset_Ha
                       ndler
   11 00000000         ;*                      - Set the vector table entries w
                       ith the exceptions ISR address
   12 00000000         ;*                      - Configure the system clock
   13 00000000         ;*                      - Branches to __main in the C li
                       brary (which eventually
   14 00000000         ;*                        calls main()).
   15 00000000         ;*                      After Reset the CortexM0 process
                       or is in Thread mode,
   16 00000000         ;*                      priority is Privileged, and the 
                       Stack is set to Main.
   17 00000000         ;* <<< Use Configuration Wizard in Context Menu >>>   
   18 00000000         ;*******************************************************
                       ************************
   19 00000000         ;  @attention
   20 00000000         ; 
   21 00000000         ;  Licensed under MCD-ST Liberty SW License Agreement V2
                       , (the "License");
   22 00000000         ;  You may not use this file except in compliance with t
                       he License.
   23 00000000         ;  You may obtain a copy of the License at:
   24 00000000         ; 
   25 00000000         ;         http://www.st.com/software_license_agreement_l
                       iberty_v2
   26 00000000         ; 
   27 00000000         ;  Unless required by applicable law or agreed to in wri
                       ting, software 
   28 00000000         ;  distributed under the License is distributed on an "A
                       S IS" BASIS, 
   29 00000000         ;  WITHOUT WARRANTIES OR CONDITIONS OF ANY KIND, either 
                       express or implied.
   30 00000000         ;  See the License for the specific language governing p
                       ermissions and
   31 00000000         ;  limitations under the License.
   32 00000000         ; 
   33 00000000         ;*******************************************************
                       ************************
   34 00000000         ;
   35 00000000         ; Amount of memory (in bytes) allocated for Stack
   36 00000000         ; Tailor this value to your application needs
   37 00000000         ; <h> Stack Configuration
   38 00000000         ;   <o> Stack Size (in Bytes) <0x0-0xFFFFFFFF:8>
   39 00000000         ; </h>
   40 00000000         
   41 00000000 00000400 
                       Stack_Size
                               EQU              0x00000400



ARM Macro Assembler    Page 2 


   42 00000000         
   43 00000000                 AREA             STACK, NOINIT, READWRITE, ALIGN
=3
   44 00000000         Stack_Mem
                               SPACE            Stack_Size
   45 00000400         __initial_sp
   46 00000400         
   47 00000400         
   48 00000400         ; <h> Heap Configuration
   49 00000400         ;   <o>  Heap Size (in Bytes) <0x0-0xFFFFFFFF:8>
   50 00000400         ; </h>
   51 00000400         
   52 00000400 00000200 
                       Heap_Size
                               EQU              0x00000200
   53 00000400         
   54 00000400                 AREA             HEAP, NOINIT, READWRITE, ALIGN=
3
   55 00000000         __heap_base
   56 00000000         Heap_Mem
                               SPACE            Heap_Size
   57 00000200         __heap_limit
   58 00000200         
   59 00000200                 PRESERVE8
   60 00000200                 THUMB
   61 00000200         
   62 00000200         
   63 00000200         ; Vector Table Mapped to Address 0 at Reset
   64 00000200                 AREA             RESET, DATA, READONLY
   65 00000000                 EXPORT           __Vectors
   66 00000000                 EXPORT           __Vectors_End
   67 00000000                 EXPORT           __Vectors_Size
   68 00000000         
   69 00000000 00000000 
                       __Vectors
                               DCD              __initial_sp ; Top of Stack
   70 00000004 00000000        DCD              Reset_Handler ; Reset Handler
   71 00000008 00000000        DCD              NMI_Handler ; NMI Handler
   72 0000000C 00000000        DCD              HardFault_Handler ; Hard Fault 
                                                            Handler
   73 00000010 00000000        DCD              0           ; Reserved
   74 00000014 00000000        DCD              0           ; Reserved
   75 00000018 00000000        DCD              0           ; Reserved
   76 0000001C 00000000        DCD              0           ; Reserved
   77 00000020 00000000        DCD              0           ; Reserved
   78 00000024 00000000        DCD              0           ; Reserved
   79 00000028 00000000        DCD              0           ; Reserved
   80 0000002C 00000000        DCD              SVC_Handler ; SVCall Handler
   81 00000030 00000000        DCD              0           ; Reserved
   82 00000034 00000000        DCD              0           ; Reserved
   83 00000038 00000000        DCD              PendSV_Handler ; PendSV Handler
                                                            
   84 0000003C 00000000        DCD              SysTick_Handler 
                                                            ; SysTick Handler
   85 00000040         
   86 00000040         ; External Interrupts
   87 00000040 00000000        DCD              WWDG_IRQHandler 
                                                            ; Window Watchdog
   88 00000044 00000000        DCD              PVD_VDDIO2_IRQHandler ; PVD and



ARM Macro Assembler    Page 3 


                                                             VDDIO2 through EXT
                                                            I Line detect
   89 00000048 00000000        DCD              RTC_IRQHandler ; RTC through EX
                                                            TI Line
   90 0000004C 00000000        DCD              FLASH_IRQHandler ; FLASH
   91 00000050 00000000        DCD              RCC_CRS_IRQHandler 
                                                            ; RCC and CRS
   92 00000054 00000000        DCD              EXTI0_1_IRQHandler 
                                                            ; EXTI Line 0 and 1
                                                            
   93 00000058 00000000        DCD              EXTI2_3_IRQHandler 
                                                            ; EXTI Line 2 and 3
                                                            
   94 0000005C 00000000        DCD              EXTI4_15_IRQHandler 
                                                            ; EXTI Line 4 to 15
                                                            
   95 00000060 00000000        DCD              TSC_IRQHandler ; TS
   96 00000064 00000000        DCD              DMA1_Ch1_IRQHandler 
                                                            ; DMA1 Channel 1
   97 00000068 00000000        DCD              DMA1_Ch2_3_DMA2_Ch1_2_IRQHandle
r 
                                                            ; DMA1 Channel 2 an
                                                            d 3 & DMA2 Channel 
                                                            1 and 2
   98 0000006C 00000000        DCD              DMA1_Ch4_7_DMA2_Ch3_5_IRQHandle
r 
                                                            ; DMA1 Channel 4 to
                                                             7 & DMA2 Channel 3
                                                             to 5 
   99 00000070 00000000        DCD              ADC1_COMP_IRQHandler ; ADC1, CO
                                                            MP1 and COMP2 
  100 00000074 00000000        DCD              TIM1_BRK_UP_TRG_COM_IRQHandler 
                                                            ; TIM1 Break, Updat
                                                            e, Trigger and Comm
                                                            utation
  101 00000078 00000000        DCD              TIM1_CC_IRQHandler ; TIM1 Captu
                                                            re Compare
  102 0000007C 00000000        DCD              TIM2_IRQHandler ; TIM2
  103 00000080 00000000        DCD              TIM3_IRQHandler ; TIM3
  104 00000084 00000000        DCD              TIM6_DAC_IRQHandler 
                                                            ; TIM6 and DAC
  105 00000088 00000000        DCD              TIM7_IRQHandler ; TIM7
  106 0000008C 00000000        DCD              TIM14_IRQHandler ; TIM14
  107 00000090 00000000        DCD              TIM15_IRQHandler ; TIM15
  108 00000094 00000000        DCD              TIM16_IRQHandler ; TIM16
  109 00000098 00000000        DCD              TIM17_IRQHandler ; TIM17
  110 0000009C 00000000        DCD              I2C1_IRQHandler ; I2C1
  111 000000A0 00000000        DCD              I2C2_IRQHandler ; I2C2
  112 000000A4 00000000        DCD              SPI1_IRQHandler ; SPI1
  113 000000A8 00000000        DCD              SPI2_IRQHandler ; SPI2
  114 000000AC 00000000        DCD              USART1_IRQHandler ; USART1
  115 000000B0 00000000        DCD              USART2_IRQHandler ; USART2
  116 000000B4 00000000        DCD              USART3_8_IRQHandler ; USART3, U
                                                            SART4, USART5, USAR
                                                            T6, USART7, USART8
  117 000000B8 00000000        DCD              CEC_CAN_IRQHandler 
                                                            ; CEC and CAN
  118 000000BC         
  119 000000BC         __Vectors_End



ARM Macro Assembler    Page 4 


  120 000000BC         
  121 000000BC 000000BC 
                       __Vectors_Size
                               EQU              __Vectors_End - __Vectors
  122 000000BC         
  123 000000BC                 AREA             |.text|, CODE, READONLY
  124 00000000         
  125 00000000         ;-------------------------------------------------------
                       -----------------------
  126 00000000         ; Modified Reset Handler for bootloader reboot (sourcer3
                       2@gmail.com)
  127 00000000         
  128 00000000         Reset_Handler
                               PROC
  129 00000000                 EXPORT           Reset_Handler             [WEAK
]
  130 00000000                 IMPORT           __main
  131 00000000         
  132 00000000 480D            LDR              R0, =0x20007FF0 ; Address for R
                                                            AM signature (STM32
                                                            F09x)
  133 00000002 490E            LDR              R1, =0xDEADBEEF
  134 00000004 6802            LDR              R2, [R0, #0] ; Read current
  135 00000006 6000            STR              R0, [R0, #0] ; Invalidate
  136 00000008 428A            CMP              R2, R1
  137 0000000A D0FE            BEQ              Reboot_Loader
  138 0000000C         
  139 0000000C         ; Normal startup path
  140 0000000C                 IMPORT           SystemInit
  141 0000000C 480C            LDR              R0, =SystemInit
  142 0000000E 4780            BLX              R0
  143 00000010 480C            LDR              R0, =__main
  144 00000012 4700            BX               R0
  145 00000014                 ENDP
  146 00000014         
  147 00000014         ; Vector into System Loader
  148 00000014         Reboot_Loader
                               PROC
  149 00000014                 EXPORT           Reboot_Loader
  150 00000014 480C            LDR              R0, =0x40021018 ; RCC_APB2ENR (
                                                            +0x18)
  151 00000016 490D            LDR              R1, =0x00000001 ; ENABLE SYSCFG
                                                             CLOCK
  152 00000018 6001            STR              R1, [R0, #0]
  153 0000001A 480D            LDR              R0, =0x40010000 ; SYSCFG_CFGR1 
                                                            (+0x00)
  154 0000001C 490B            LDR              R1, =0x00000001 
                                                            ; MAP ROM AT ZERO
  155 0000001E 6001            STR              R1, [R0, #0]
  156 00000020         ;                LDR     R0, =0x1FFFEC00 ; ROM BASE (STM
                       32F03x)
  157 00000020         ;                LDR     R0, =0x1FFFC400 ; ROM BASE (STM
                       32F04x)
  158 00000020         ;                LDR     R0, =0x1FFFEC00 ; ROM BASE (STM
                       32F05x)
  159 00000020         ;                LDR     R0, =0x1FFFC800 ; ROM BASE (STM
                       32F07x)
  160 00000020 480C            LDR              R0, =0x1FFFD800 ; ROM BASE (STM
                                                            32F09x)



ARM Macro Assembler    Page 5 


  161 00000022 6801            LDR              R1, [R0, #0] ; SP @ +0
  162 00000024 468D            MOV              SP, R1
  163 00000026 6840            LDR              R0, [R0, #4] ; PC @ +4
  164 00000028 4700            BX               R0
  165 0000002A                 ENDP
  166 0000002A         ;-------------------------------------------------------
                       -----------------------
  167 0000002A         
  168 0000002A         
  169 0000002A         ; Reset handler routine
  170 0000002A         ;Reset_Handler    PROC
  171 0000002A         ;                 EXPORT  Reset_Handler                 
                       [WEAK]
  172 0000002A         ;        IMPORT  __main
  173 0000002A         
  174 0000002A         ;        IMPORT  SystemInit
  175 0000002A         
  176 0000002A         
  177 0000002A         
  178 0000002A         ;        LDR     R0, =__initial_sp          ; set stack 
                       pointer 
  179 0000002A         ;        MSR     MSP, R0  
  180 0000002A         
  181 0000002A         ;;Check if boot space corresponds to test memory 
  182 0000002A         
  183 0000002A         ;        LDR R0,=0x00000004
  184 0000002A         ;        LDR R1, [R0]
  185 0000002A         ;        LSRS R1, R1, #24
  186 0000002A         ;        LDR R2,=0x1F
  187 0000002A         ;        CMP R1, R2
  188 0000002A         
  189 0000002A         ;        BNE ApplicationStart  
  190 0000002A         
  191 0000002A         ;; SYSCFG clock enable    
  192 0000002A         
  193 0000002A         ;        LDR R0,=0x40021018 
  194 0000002A         ;        LDR R1,=0x00000001
  195 0000002A         ;        STR R1, [R0]
  196 0000002A         
  197 0000002A         ;; Set CFGR1 register with flash memory remap at address
                        0
  198 0000002A         
  199 0000002A         ;        LDR R0,=0x40010000 
  200 0000002A         ;        LDR R1,=0x00000000
  201 0000002A         ;        STR R1, [R0]
  202 0000002A         ;ApplicationStart        
  203 0000002A         ;                 LDR     R0, =SystemInit
  204 0000002A         ;                 BLX     R0
  205 0000002A         ;                 LDR     R0, =__main
  206 0000002A         ;                 BX      R0
  207 0000002A         ;                 ENDP
  208 0000002A         
  209 0000002A         ; Dummy Exception Handlers (infinite loops which can be 
                       modified)
  210 0000002A         
  211 0000002A         NMI_Handler
                               PROC
  212 0000002A                 EXPORT           NMI_Handler                    
[WEAK]



ARM Macro Assembler    Page 6 


  213 0000002A E7FE            B                .
  214 0000002C                 ENDP
  216 0000002C         HardFault_Handler
                               PROC
  217 0000002C                 EXPORT           HardFault_Handler              
[WEAK]
  218 0000002C E7FE            B                .
  219 0000002E                 ENDP
  220 0000002E         SVC_Handler
                               PROC
  221 0000002E                 EXPORT           SVC_Handler                    
[WEAK]
  222 0000002E E7FE            B                .
  223 00000030                 ENDP
  224 00000030         PendSV_Handler
                               PROC
  225 00000030                 EXPORT           PendSV_Handler                 
[WEAK]
  226 00000030 E7FE            B                .
  227 00000032                 ENDP
  228 00000032         SysTick_Handler
                               PROC
  229 00000032                 EXPORT           SysTick_Handler                
[WEAK]
  230 00000032 E7FE            B                .
  231 00000034                 ENDP
  232 00000034         
  233 00000034         Default_Handler
                               PROC
  234 00000034         
  235 00000034                 EXPORT           WWDG_IRQHandler                
[WEAK]
  236 00000034                 EXPORT           PVD_VDDIO2_IRQHandler          
[WEAK]
  237 00000034                 EXPORT           RTC_IRQHandler                 
[WEAK]
  238 00000034                 EXPORT           FLASH_IRQHandler               
[WEAK]
  239 00000034                 EXPORT           RCC_CRS_IRQHandler             
[WEAK]
  240 00000034                 EXPORT           EXTI0_1_IRQHandler             
[WEAK]
  241 00000034                 EXPORT           EXTI2_3_IRQHandler             
[WEAK]
  242 00000034                 EXPORT           EXTI4_15_IRQHandler            
[WEAK]
  243 00000034                 EXPORT           TSC_IRQHandler                 
 [WEAK]
  244 00000034                 EXPORT           DMA1_Ch1_IRQHandler            
  [WEAK]
  245 00000034                 EXPORT           DMA1_Ch2_3_DMA2_Ch1_2_IRQHandle
r [WEAK]
  246 00000034                 EXPORT           DMA1_Ch4_7_DMA2_Ch3_5_IRQHandle
r [WEAK]
  247 00000034                 EXPORT           ADC1_COMP_IRQHandler           
  [WEAK]
  248 00000034                 EXPORT           TIM1_BRK_UP_TRG_COM_IRQHandler 
  [WEAK]
  249 00000034                 EXPORT           TIM1_CC_IRQHandler             



ARM Macro Assembler    Page 7 


  [WEAK]
  250 00000034                 EXPORT           TIM2_IRQHandler                
  [WEAK]
  251 00000034                 EXPORT           TIM3_IRQHandler                
  [WEAK]
  252 00000034                 EXPORT           TIM6_DAC_IRQHandler            
  [WEAK]
  253 00000034                 EXPORT           TIM7_IRQHandler                
  [WEAK]
  254 00000034                 EXPORT           TIM14_IRQHandler               
  [WEAK]
  255 00000034                 EXPORT           TIM15_IRQHandler               
  [WEAK]
  256 00000034                 EXPORT           TIM16_IRQHandler               
  [WEAK]
  257 00000034                 EXPORT           TIM17_IRQHandler               
  [WEAK]
  258 00000034                 EXPORT           I2C1_IRQHandler                
  [WEAK]
  259 00000034                 EXPORT           I2C2_IRQHandler                
  [WEAK]
  260 00000034                 EXPORT           SPI1_IRQHandler                
[WEAK]
  261 00000034                 EXPORT           SPI2_IRQHandler                
[WEAK]
  262 00000034                 EXPORT           USART1_IRQHandler              
[WEAK]
  263 00000034                 EXPORT           USART2_IRQHandler              
[WEAK]
  264 00000034                 EXPORT           USART3_8_IRQHandler            
[WEAK]
  265 00000034                 EXPORT           CEC_CAN_IRQHandler             
[WEAK]
  266 00000034         
  267 00000034         
  268 00000034         WWDG_IRQHandler
  269 00000034         PVD_VDDIO2_IRQHandler
  270 00000034         RTC_IRQHandler
  271 00000034         FLASH_IRQHandler
  272 00000034         RCC_CRS_IRQHandler
  273 00000034         EXTI0_1_IRQHandler
  274 00000034         EXTI2_3_IRQHandler
  275 00000034         EXTI4_15_IRQHandler
  276 00000034         TSC_IRQHandler
  277 00000034         DMA1_Ch1_IRQHandler
  278 00000034         DMA1_Ch2_3_DMA2_Ch1_2_IRQHandler
  279 00000034         DMA1_Ch4_7_DMA2_Ch3_5_IRQHandler
  280 00000034         ADC1_COMP_IRQHandler
  281 00000034         TIM1_BRK_UP_TRG_COM_IRQHandler
  282 00000034         TIM1_CC_IRQHandler
  283 00000034         TIM2_IRQHandler
  284 00000034         TIM3_IRQHandler
  285 00000034         TIM6_DAC_IRQHandler
  286 00000034         TIM7_IRQHandler
  287 00000034         TIM14_IRQHandler
  288 00000034         TIM15_IRQHandler
  289 00000034         TIM16_IRQHandler
  290 00000034         TIM17_IRQHandler
  291 00000034         I2C1_IRQHandler



ARM Macro Assembler    Page 8 


  292 00000034         I2C2_IRQHandler
  293 00000034         SPI1_IRQHandler
  294 00000034         SPI2_IRQHandler
  295 00000034         USART1_IRQHandler
  296 00000034         USART2_IRQHandler
  297 00000034         USART3_8_IRQHandler
  298 00000034         CEC_CAN_IRQHandler
  299 00000034         
  300 00000034 E7FE            B                .
  301 00000036         
  302 00000036                 ENDP
  303 00000036         
  304 00000036 00 00           ALIGN
  305 00000038         
  306 00000038         ;*******************************************************
                       ************************
  307 00000038         ; User Stack and Heap initialization
  308 00000038         ;*******************************************************
                       ************************
  309 00000038                 IF               :DEF:__MICROLIB
  310 00000038         
  311 00000038                 EXPORT           __initial_sp
  312 00000038                 EXPORT           __heap_base
  313 00000038                 EXPORT           __heap_limit
  314 00000038         
  315 00000038                 ELSE
  330                          ENDIF
  331 00000038         
  332 00000038                 END
              20007FF0 
              DEADBEEF 
              00000000 
              00000000 
              40021018 
              00000001 
              40010000 
              1FFFD800 
Command Line: --debug --xref --diag_suppress=9931 --cpu=Cortex-M0 --apcs=interw
ork --depend=.\objects\startup_stm32f091.d -o.\objects\startup_stm32f091.o -I"C
:\Users\Asaad\Dropbox\Optics\Modules\Firmware\No RTOS_old\RTE" -IC:\Keil_v5\ARM
\PACK\Keil\STM32F0xx_DFP\1.5.0-dev0\Device\Include -IC:\Keil_v5\ARM\CMSIS\Inclu
de --predefine="__MICROLIB SETA 1" --predefine="__UVISION_VERSION SETA 515" --p
redefine="STM32F091 SETA 1" --list=.\listings\startup_stm32f091.lst HAL\startup
_stm32f091.s



ARM Macro Assembler    Page 1 Alphabetic symbol ordering
Relocatable symbols

STACK 00000000

Symbol: STACK
   Definitions
      At line 43 in file HAL\startup_stm32f091.s
   Uses
      None
Comment: STACK unused
Stack_Mem 00000000

Symbol: Stack_Mem
   Definitions
      At line 44 in file HAL\startup_stm32f091.s
   Uses
      None
Comment: Stack_Mem unused
__initial_sp 00000400

Symbol: __initial_sp
   Definitions
      At line 45 in file HAL\startup_stm32f091.s
   Uses
      At line 69 in file HAL\startup_stm32f091.s
      At line 311 in file HAL\startup_stm32f091.s

3 symbols



ARM Macro Assembler    Page 1 Alphabetic symbol ordering
Relocatable symbols

HEAP 00000000

Symbol: HEAP
   Definitions
      At line 54 in file HAL\startup_stm32f091.s
   Uses
      None
Comment: HEAP unused
Heap_Mem 00000000

Symbol: Heap_Mem
   Definitions
      At line 56 in file HAL\startup_stm32f091.s
   Uses
      None
Comment: Heap_Mem unused
__heap_base 00000000

Symbol: __heap_base
   Definitions
      At line 55 in file HAL\startup_stm32f091.s
   Uses
      At line 312 in file HAL\startup_stm32f091.s
Comment: __heap_base used once
__heap_limit 00000200

Symbol: __heap_limit
   Definitions
      At line 57 in file HAL\startup_stm32f091.s
   Uses
      At line 313 in file HAL\startup_stm32f091.s
Comment: __heap_limit used once
4 symbols



ARM Macro Assembler    Page 1 Alphabetic symbol ordering
Relocatable symbols

RESET 00000000

Symbol: RESET
   Definitions
      At line 64 in file HAL\startup_stm32f091.s
   Uses
      None
Comment: RESET unused
__Vectors 00000000

Symbol: __Vectors
   Definitions
      At line 69 in file HAL\startup_stm32f091.s
   Uses
      At line 65 in file HAL\startup_stm32f091.s
      At line 121 in file HAL\startup_stm32f091.s

__Vectors_End 000000BC

Symbol: __Vectors_End
   Definitions
      At line 119 in file HAL\startup_stm32f091.s
   Uses
      At line 66 in file HAL\startup_stm32f091.s
      At line 121 in file HAL\startup_stm32f091.s

3 symbols



ARM Macro Assembler    Page 1 Alphabetic symbol ordering
Relocatable symbols

.text 00000000

Symbol: .text
   Definitions
      At line 123 in file HAL\startup_stm32f091.s
   Uses
      None
Comment: .text unused
ADC1_COMP_IRQHandler 00000034

Symbol: ADC1_COMP_IRQHandler
   Definitions
      At line 280 in file HAL\startup_stm32f091.s
   Uses
      At line 99 in file HAL\startup_stm32f091.s
      At line 247 in file HAL\startup_stm32f091.s

CEC_CAN_IRQHandler 00000034

Symbol: CEC_CAN_IRQHandler
   Definitions
      At line 298 in file HAL\startup_stm32f091.s
   Uses
      At line 117 in file HAL\startup_stm32f091.s
      At line 265 in file HAL\startup_stm32f091.s

DMA1_Ch1_IRQHandler 00000034

Symbol: DMA1_Ch1_IRQHandler
   Definitions
      At line 277 in file HAL\startup_stm32f091.s
   Uses
      At line 96 in file HAL\startup_stm32f091.s
      At line 244 in file HAL\startup_stm32f091.s

DMA1_Ch2_3_DMA2_Ch1_2_IRQHandler 00000034

Symbol: DMA1_Ch2_3_DMA2_Ch1_2_IRQHandler
   Definitions
      At line 278 in file HAL\startup_stm32f091.s
   Uses
      At line 97 in file HAL\startup_stm32f091.s
      At line 245 in file HAL\startup_stm32f091.s

DMA1_Ch4_7_DMA2_Ch3_5_IRQHandler 00000034

Symbol: DMA1_Ch4_7_DMA2_Ch3_5_IRQHandler
   Definitions
      At line 279 in file HAL\startup_stm32f091.s
   Uses
      At line 98 in file HAL\startup_stm32f091.s
      At line 246 in file HAL\startup_stm32f091.s

Default_Handler 00000034

Symbol: Default_Handler
   Definitions
      At line 233 in file HAL\startup_stm32f091.s
   Uses



ARM Macro Assembler    Page 2 Alphabetic symbol ordering
Relocatable symbols

      None
Comment: Default_Handler unused
EXTI0_1_IRQHandler 00000034

Symbol: EXTI0_1_IRQHandler
   Definitions
      At line 273 in file HAL\startup_stm32f091.s
   Uses
      At line 92 in file HAL\startup_stm32f091.s
      At line 240 in file HAL\startup_stm32f091.s

EXTI2_3_IRQHandler 00000034

Symbol: EXTI2_3_IRQHandler
   Definitions
      At line 274 in file HAL\startup_stm32f091.s
   Uses
      At line 93 in file HAL\startup_stm32f091.s
      At line 241 in file HAL\startup_stm32f091.s

EXTI4_15_IRQHandler 00000034

Symbol: EXTI4_15_IRQHandler
   Definitions
      At line 275 in file HAL\startup_stm32f091.s
   Uses
      At line 94 in file HAL\startup_stm32f091.s
      At line 242 in file HAL\startup_stm32f091.s

FLASH_IRQHandler 00000034

Symbol: FLASH_IRQHandler
   Definitions
      At line 271 in file HAL\startup_stm32f091.s
   Uses
      At line 90 in file HAL\startup_stm32f091.s
      At line 238 in file HAL\startup_stm32f091.s

HardFault_Handler 0000002C

Symbol: HardFault_Handler
   Definitions
      At line 216 in file HAL\startup_stm32f091.s
   Uses
      At line 72 in file HAL\startup_stm32f091.s
      At line 217 in file HAL\startup_stm32f091.s

I2C1_IRQHandler 00000034

Symbol: I2C1_IRQHandler
   Definitions
      At line 291 in file HAL\startup_stm32f091.s
   Uses
      At line 110 in file HAL\startup_stm32f091.s
      At line 258 in file HAL\startup_stm32f091.s

I2C2_IRQHandler 00000034

Symbol: I2C2_IRQHandler



ARM Macro Assembler    Page 3 Alphabetic symbol ordering
Relocatable symbols

   Definitions
      At line 292 in file HAL\startup_stm32f091.s
   Uses
      At line 111 in file HAL\startup_stm32f091.s
      At line 259 in file HAL\startup_stm32f091.s

NMI_Handler 0000002A

Symbol: NMI_Handler
   Definitions
      At line 211 in file HAL\startup_stm32f091.s
   Uses
      At line 71 in file HAL\startup_stm32f091.s
      At line 212 in file HAL\startup_stm32f091.s

PVD_VDDIO2_IRQHandler 00000034

Symbol: PVD_VDDIO2_IRQHandler
   Definitions
      At line 269 in file HAL\startup_stm32f091.s
   Uses
      At line 88 in file HAL\startup_stm32f091.s
      At line 236 in file HAL\startup_stm32f091.s

PendSV_Handler 00000030

Symbol: PendSV_Handler
   Definitions
      At line 224 in file HAL\startup_stm32f091.s
   Uses
      At line 83 in file HAL\startup_stm32f091.s
      At line 225 in file HAL\startup_stm32f091.s

RCC_CRS_IRQHandler 00000034

Symbol: RCC_CRS_IRQHandler
   Definitions
      At line 272 in file HAL\startup_stm32f091.s
   Uses
      At line 91 in file HAL\startup_stm32f091.s
      At line 239 in file HAL\startup_stm32f091.s

RTC_IRQHandler 00000034

Symbol: RTC_IRQHandler
   Definitions
      At line 270 in file HAL\startup_stm32f091.s
   Uses
      At line 89 in file HAL\startup_stm32f091.s
      At line 237 in file HAL\startup_stm32f091.s

Reboot_Loader 00000014

Symbol: Reboot_Loader
   Definitions
      At line 148 in file HAL\startup_stm32f091.s
   Uses
      At line 137 in file HAL\startup_stm32f091.s
      At line 149 in file HAL\startup_stm32f091.s



ARM Macro Assembler    Page 4 Alphabetic symbol ordering
Relocatable symbols


Reset_Handler 00000000

Symbol: Reset_Handler
   Definitions
      At line 128 in file HAL\startup_stm32f091.s
   Uses
      At line 70 in file HAL\startup_stm32f091.s
      At line 129 in file HAL\startup_stm32f091.s

SPI1_IRQHandler 00000034

Symbol: SPI1_IRQHandler
   Definitions
      At line 293 in file HAL\startup_stm32f091.s
   Uses
      At line 112 in file HAL\startup_stm32f091.s
      At line 260 in file HAL\startup_stm32f091.s

SPI2_IRQHandler 00000034

Symbol: SPI2_IRQHandler
   Definitions
      At line 294 in file HAL\startup_stm32f091.s
   Uses
      At line 113 in file HAL\startup_stm32f091.s
      At line 261 in file HAL\startup_stm32f091.s

SVC_Handler 0000002E

Symbol: SVC_Handler
   Definitions
      At line 220 in file HAL\startup_stm32f091.s
   Uses
      At line 80 in file HAL\startup_stm32f091.s
      At line 221 in file HAL\startup_stm32f091.s

SysTick_Handler 00000032

Symbol: SysTick_Handler
   Definitions
      At line 228 in file HAL\startup_stm32f091.s
   Uses
      At line 84 in file HAL\startup_stm32f091.s
      At line 229 in file HAL\startup_stm32f091.s

TIM14_IRQHandler 00000034

Symbol: TIM14_IRQHandler
   Definitions
      At line 287 in file HAL\startup_stm32f091.s
   Uses
      At line 106 in file HAL\startup_stm32f091.s
      At line 254 in file HAL\startup_stm32f091.s

TIM15_IRQHandler 00000034

Symbol: TIM15_IRQHandler
   Definitions



ARM Macro Assembler    Page 5 Alphabetic symbol ordering
Relocatable symbols

      At line 288 in file HAL\startup_stm32f091.s
   Uses
      At line 107 in file HAL\startup_stm32f091.s
      At line 255 in file HAL\startup_stm32f091.s

TIM16_IRQHandler 00000034

Symbol: TIM16_IRQHandler
   Definitions
      At line 289 in file HAL\startup_stm32f091.s
   Uses
      At line 108 in file HAL\startup_stm32f091.s
      At line 256 in file HAL\startup_stm32f091.s

TIM17_IRQHandler 00000034

Symbol: TIM17_IRQHandler
   Definitions
      At line 290 in file HAL\startup_stm32f091.s
   Uses
      At line 109 in file HAL\startup_stm32f091.s
      At line 257 in file HAL\startup_stm32f091.s

TIM1_BRK_UP_TRG_COM_IRQHandler 00000034

Symbol: TIM1_BRK_UP_TRG_COM_IRQHandler
   Definitions
      At line 281 in file HAL\startup_stm32f091.s
   Uses
      At line 100 in file HAL\startup_stm32f091.s
      At line 248 in file HAL\startup_stm32f091.s

TIM1_CC_IRQHandler 00000034

Symbol: TIM1_CC_IRQHandler
   Definitions
      At line 282 in file HAL\startup_stm32f091.s
   Uses
      At line 101 in file HAL\startup_stm32f091.s
      At line 249 in file HAL\startup_stm32f091.s

TIM2_IRQHandler 00000034

Symbol: TIM2_IRQHandler
   Definitions
      At line 283 in file HAL\startup_stm32f091.s
   Uses
      At line 102 in file HAL\startup_stm32f091.s
      At line 250 in file HAL\startup_stm32f091.s

TIM3_IRQHandler 00000034

Symbol: TIM3_IRQHandler
   Definitions
      At line 284 in file HAL\startup_stm32f091.s
   Uses
      At line 103 in file HAL\startup_stm32f091.s
      At line 251 in file HAL\startup_stm32f091.s




ARM Macro Assembler    Page 6 Alphabetic symbol ordering
Relocatable symbols

TIM6_DAC_IRQHandler 00000034

Symbol: TIM6_DAC_IRQHandler
   Definitions
      At line 285 in file HAL\startup_stm32f091.s
   Uses
      At line 104 in file HAL\startup_stm32f091.s
      At line 252 in file HAL\startup_stm32f091.s

TIM7_IRQHandler 00000034

Symbol: TIM7_IRQHandler
   Definitions
      At line 286 in file HAL\startup_stm32f091.s
   Uses
      At line 105 in file HAL\startup_stm32f091.s
      At line 253 in file HAL\startup_stm32f091.s

TSC_IRQHandler 00000034

Symbol: TSC_IRQHandler
   Definitions
      At line 276 in file HAL\startup_stm32f091.s
   Uses
      At line 95 in file HAL\startup_stm32f091.s
      At line 243 in file HAL\startup_stm32f091.s

USART1_IRQHandler 00000034

Symbol: USART1_IRQHandler
   Definitions
      At line 295 in file HAL\startup_stm32f091.s
   Uses
      At line 114 in file HAL\startup_stm32f091.s
      At line 262 in file HAL\startup_stm32f091.s

USART2_IRQHandler 00000034

Symbol: USART2_IRQHandler
   Definitions
      At line 296 in file HAL\startup_stm32f091.s
   Uses
      At line 115 in file HAL\startup_stm32f091.s
      At line 263 in file HAL\startup_stm32f091.s

USART3_8_IRQHandler 00000034

Symbol: USART3_8_IRQHandler
   Definitions
      At line 297 in file HAL\startup_stm32f091.s
   Uses
      At line 116 in file HAL\startup_stm32f091.s
      At line 264 in file HAL\startup_stm32f091.s

WWDG_IRQHandler 00000034

Symbol: WWDG_IRQHandler
   Definitions
      At line 268 in file HAL\startup_stm32f091.s



ARM Macro Assembler    Page 7 Alphabetic symbol ordering
Relocatable symbols

   Uses
      At line 87 in file HAL\startup_stm32f091.s
      At line 235 in file HAL\startup_stm32f091.s

40 symbols



ARM Macro Assembler    Page 1 Alphabetic symbol ordering
Absolute symbols

Heap_Size 00000200

Symbol: Heap_Size
   Definitions
      At line 52 in file HAL\startup_stm32f091.s
   Uses
      At line 56 in file HAL\startup_stm32f091.s
Comment: Heap_Size used once
Stack_Size 00000400

Symbol: Stack_Size
   Definitions
      At line 41 in file HAL\startup_stm32f091.s
   Uses
      At line 44 in file HAL\startup_stm32f091.s
Comment: Stack_Size used once
__Vectors_Size 000000BC

Symbol: __Vectors_Size
   Definitions
      At line 121 in file HAL\startup_stm32f091.s
   Uses
      At line 67 in file HAL\startup_stm32f091.s
Comment: __Vectors_Size used once
3 symbols



ARM Macro Assembler    Page 1 Alphabetic symbol ordering
External symbols

SystemInit 00000000

Symbol: SystemInit
   Definitions
      At line 140 in file HAL\startup_stm32f091.s
   Uses
      At line 141 in file HAL\startup_stm32f091.s
Comment: SystemInit used once
__main 00000000

Symbol: __main
   Definitions
      At line 130 in file HAL\startup_stm32f091.s
   Uses
      At line 143 in file HAL\startup_stm32f091.s
Comment: __main used once
2 symbols
390 symbols in table
